2024-04-14 06:12:29,571 - root - INFO - Epoch 2350; loss: 277.1709289550781; CER: 0.8990415930747986; WER: 1.0048915147781372; val_loss: 240.8378448486328; val_CER: 0.9963480830192566; val_WER: 1.0
2024-04-14 06:14:18,384 - root - INFO - Epoch 2351; loss: 227.5798797607422; CER: 0.7821128368377686; WER: 1.3911352157592773; val_loss: 217.44483947753906; val_CER: 0.9805482029914856; val_WER: 1.0008213520050049
2024-04-14 06:16:06,988 - root - INFO - Epoch 2352; loss: 214.66197204589844; CER: 0.7695659399032593; WER: 1.649787425994873; val_loss: 211.04493713378906; val_CER: 0.984707236289978; val_WER: 1.0045894384384155
2024-04-14 06:17:55,824 - root - INFO - Epoch 2353; loss: 209.5947265625; CER: 0.7624365091323853; WER: 1.6665048599243164; val_loss: 206.1828155517578; val_CER: 0.9284017086029053; val_WER: 1.0083575248718262
2024-04-14 06:19:44,441 - root - INFO - Epoch 2354; loss: 205.8822021484375; CER: 0.7516219615936279; WER: 1.623396873474121; val_loss: 261.7318420410156; val_CER: 0.9643310308456421; val_WER: 1.0019323825836182
2024-04-14 06:21:33,195 - root - INFO - Epoch 2355; loss: 199.99876403808594; CER: 0.7364710569381714; WER: 1.4229577779769897; val_loss: 189.93267822265625; val_CER: 0.8034353852272034; val_WER: 1.0424315929412842
2024-04-14 06:23:22,667 - root - INFO - Epoch 2356; loss: 189.57708740234375; CER: 0.7205056548118591; WER: 1.2680846452713013; val_loss: 175.9972686767578; val_CER: 0.7449082732200623; val_WER: 1.0809639692306519
2024-04-14 06:25:11,287 - root - INFO - Epoch 2357; loss: 178.6333465576172; CER: 0.6918443441390991; WER: 1.2355320453643799; val_loss: 161.55831909179688; val_CER: 0.6785954833030701; val_WER: 1.111242413520813
2024-04-14 06:27:00,083 - root - INFO - Epoch 2358; loss: 168.24871826171875; CER: 0.6536943316459656; WER: 1.2197315692901611; val_loss: 152.8511962890625; val_CER: 0.6071636080741882; val_WER: 1.149264931678772
2024-04-14 06:28:48,822 - root - INFO - Epoch 2359; loss: 159.85194396972656; CER: 0.624565064907074; WER: 1.190824270248413; val_loss: 154.23887634277344; val_CER: 0.5689869523048401; val_WER: 1.1243910789489746
2024-04-14 06:30:37,479 - root - INFO - Epoch 2360; loss: 152.9071807861328; CER: 0.6006572246551514; WER: 1.154274821281433; val_loss: 136.9169464111328; val_CER: 0.5532251596450806; val_WER: 1.0875756740570068
2024-04-14 06:32:26,216 - root - INFO - Epoch 2361; loss: 146.9722137451172; CER: 0.5804389119148254; WER: 1.1164942979812622; val_loss: 133.10833740234375; val_CER: 0.5276499390602112; val_WER: 1.0488728284835815
2024-04-14 06:34:14,946 - root - INFO - Epoch 2362; loss: 142.21676635742188; CER: 0.5644466876983643; WER: 1.082923173904419; val_loss: 125.77819061279297; val_CER: 0.5056437849998474; val_WER: 1.0211910009384155
2024-04-14 06:36:03,723 - root - INFO - Epoch 2363; loss: 138.19149780273438; CER: 0.5495092868804932; WER: 1.055481195449829; val_loss: 125.35049438476562; val_CER: 0.4879547655582428; val_WER: 0.9759682416915894
2024-04-14 06:37:52,432 - root - INFO - Epoch 2364; loss: 134.1316680908203; CER: 0.5357004404067993; WER: 1.03721022605896; val_loss: 118.20266723632812; val_CER: 0.4712376594543457; val_WER: 0.972937822341919
2024-04-14 06:39:41,168 - root - INFO - Epoch 2365; loss: 131.18301391601562; CER: 0.5242729187011719; WER: 1.0149970054626465; val_loss: 114.17391967773438; val_CER: 0.4689168334007263; val_WER: 0.9509056210517883
2024-04-14 06:41:29,888 - root - INFO - Epoch 2366; loss: 127.55561065673828; CER: 0.5106335282325745; WER: 1.0068492889404297; val_loss: 108.97895812988281; val_CER: 0.45219022035598755; val_WER: 0.942408561706543
2024-04-14 06:43:18,659 - root - INFO - Epoch 2367; loss: 123.6494369506836; CER: 0.49700087308883667; WER: 0.9917847514152527; val_loss: 110.52615356445312; val_CER: 0.434665709733963; val_WER: 0.9269862174987793
2024-04-14 06:45:07,038 - root - INFO - Epoch 2368; loss: 122.94754791259766; CER: 0.49233266711235046; WER: 0.9872769117355347; val_loss: 242.20455932617188; val_CER: 0.8491741418838501; val_WER: 1.162146806716919
2024-04-14 06:46:55,756 - root - INFO - Epoch 2369; loss: 120.26132202148438; CER: 0.48215463757514954; WER: 0.9783506989479065; val_loss: 103.36149597167969; val_CER: 0.4171544909477234; val_WER: 0.9042954444885254
2024-04-14 06:48:44,422 - root - INFO - Epoch 2370; loss: 115.92022705078125; CER: 0.46827593445777893; WER: 0.9620881080627441; val_loss: 101.90636444091797; val_CER: 0.405815064907074; val_WER: 0.8844326138496399
2024-04-14 06:50:33,068 - root - INFO - Epoch 2371; loss: 113.96516418457031; CER: 0.46323081851005554; WER: 0.9555624723434448; val_loss: 103.53868103027344; val_CER: 0.40062442421913147; val_WER: 0.8844980597496033
2024-04-14 06:52:21,352 - root - INFO - Epoch 2372; loss: 113.12942504882812; CER: 0.458168089389801; WER: 0.9542832970619202; val_loss: 101.50691223144531; val_CER: 0.428587406873703; val_WER: 0.9035711884498596
2024-04-14 06:54:10,103 - root - INFO - Epoch 2373; loss: 110.97197723388672; CER: 0.4537755846977234; WER: 0.9452148079872131; val_loss: 99.68746185302734; val_CER: 0.40016913414001465; val_WER: 0.8786076903343201
2024-04-14 06:55:58,770 - root - INFO - Epoch 2374; loss: 108.77825164794922; CER: 0.44511574506759644; WER: 0.9353322982788086; val_loss: 92.13897705078125; val_CER: 0.3937861919403076; val_WER: 0.8813754916191101
2024-04-14 06:57:47,297 - root - INFO - Epoch 2375; loss: 109.05276489257812; CER: 0.44326528906822205; WER: 0.9322628378868103; val_loss: 90.61784362792969; val_CER: 0.39115431904792786; val_WER: 0.8710082769393921
2024-04-14 06:59:35,894 - root - INFO - Epoch 2376; loss: 108.16352081298828; CER: 0.4371303617954254; WER: 0.9273632168769836; val_loss: 98.46508026123047; val_CER: 0.3896750211715698; val_WER: 0.8618994951248169
2024-04-14 07:01:24,679 - root - INFO - Epoch 2377; loss: 105.71652221679688; CER: 0.4359632134437561; WER: 0.9280633926391602; val_loss: 90.96831512451172; val_CER: 0.37092524766921997; val_WER: 0.8544636368751526
2024-04-14 07:03:13,003 - root - INFO - Epoch 2378; loss: 103.40247344970703; CER: 0.4283919930458069; WER: 0.9185532331466675; val_loss: 86.81424713134766; val_CER: 0.37533900141716003; val_WER: 0.86713045835495
2024-04-14 07:05:01,337 - root - INFO - Epoch 2379; loss: 102.04399108886719; CER: 0.4235870838165283; WER: 0.9128738045692444; val_loss: 87.08678436279297; val_CER: 0.3866197168827057; val_WER: 0.8672708868980408
2024-04-14 07:06:49,999 - root - INFO - Epoch 2380; loss: 102.10706329345703; CER: 0.4207289516925812; WER: 0.906597912311554; val_loss: 84.84760284423828; val_CER: 0.366643488407135; val_WER: 0.8400665521621704
2024-04-14 07:08:38,745 - root - INFO - Epoch 2381; loss: 100.02971649169922; CER: 0.41511309146881104; WER: 0.902553379535675; val_loss: 84.18292999267578; val_CER: 0.35870587825775146; val_WER: 0.8306804299354553
2024-04-14 07:10:27,166 - root - INFO - Epoch 2382; loss: 99.52845764160156; CER: 0.41331467032432556; WER: 0.8972271084785461; val_loss: 82.51435089111328; val_CER: 0.35982227325439453; val_WER: 0.8493312001228333
2024-04-14 07:12:15,835 - root - INFO - Epoch 2383; loss: 98.66117095947266; CER: 0.41079458594322205; WER: 0.8971055746078491; val_loss: 79.5350112915039; val_CER: 0.35386839509010315; val_WER: 0.8325952291488647
2024-04-14 07:14:04,230 - root - INFO - Epoch 2384; loss: 97.53628540039062; CER: 0.40675589442253113; WER: 0.8906323909759521; val_loss: 84.3135757446289; val_CER: 0.3690674602985382; val_WER: 0.8516301512718201
2024-04-14 07:15:52,924 - root - INFO - Epoch 2385; loss: 96.12736511230469; CER: 0.40347281098365784; WER: 0.8920939564704895; val_loss: 79.91104125976562; val_CER: 0.3491099178791046; val_WER: 0.826036274433136
2024-04-14 07:17:41,596 - root - INFO - Epoch 2386; loss: 95.16236114501953; CER: 0.4009491801261902; WER: 0.8883978724479675; val_loss: 79.45378112792969; val_CER: 0.3465263545513153; val_WER: 0.8185997009277344
2024-04-14 07:19:30,199 - root - INFO - Epoch 2387; loss: 94.18998718261719; CER: 0.39801162481307983; WER: 0.8842800855636597; val_loss: 76.6512680053711; val_CER: 0.342146635055542; val_WER: 0.8145819306373596
2024-04-14 07:21:18,546 - root - INFO - Epoch 2388; loss: 92.74365234375; CER: 0.39211270213127136; WER: 0.8773810267448425; val_loss: 77.11444091796875; val_CER: 0.3442763090133667; val_WER: 0.8232467770576477
2024-04-14 07:23:07,298 - root - INFO - Epoch 2389; loss: 90.59381866455078; CER: 0.38525986671447754; WER: 0.8686074018478394; val_loss: 75.62005615234375; val_CER: 0.33236104249954224; val_WER: 0.8060370087623596
2024-04-14 07:24:55,560 - root - INFO - Epoch 2390; loss: 94.05177307128906; CER: 0.3921383321285248; WER: 0.8787603974342346; val_loss: 82.09716033935547; val_CER: 0.3665938675403595; val_WER: 0.8449092507362366
2024-04-14 07:26:44,257 - root - INFO - Epoch 2391; loss: 90.46809387207031; CER: 0.38296782970428467; WER: 0.8671713471412659; val_loss: 77.30548858642578; val_CER: 0.3184717297554016; val_WER: 0.7959966063499451
2024-04-14 07:28:32,566 - root - INFO - Epoch 2392; loss: 89.3424072265625; CER: 0.37881702184677124; WER: 0.8662470579147339; val_loss: 77.68402862548828; val_CER: 0.3434617519378662; val_WER: 0.8193070292472839
2024-04-14 07:30:20,849 - root - INFO - Epoch 2393; loss: 90.90603637695312; CER: 0.38504278659820557; WER: 0.8745706081390381; val_loss: 77.84365844726562; val_CER: 0.35118407011032104; val_WER: 0.8270365595817566
2024-04-14 07:32:09,137 - root - INFO - Epoch 2394; loss: 88.8376693725586; CER: 0.3759698271751404; WER: 0.8622946739196777; val_loss: 73.96598815917969; val_CER: 0.3239697515964508; val_WER: 0.7956284880638123
2024-04-14 07:33:57,781 - root - INFO - Epoch 2395; loss: 87.7043228149414; CER: 0.3762911260128021; WER: 0.8613346815109253; val_loss: 75.47257232666016; val_CER: 0.31525716185569763; val_WER: 0.7842780351638794
2024-04-14 07:35:46,059 - root - INFO - Epoch 2396; loss: 87.55904388427734; CER: 0.3746584951877594; WER: 0.857901930809021; val_loss: 79.83145904541016; val_CER: 0.33633628487586975; val_WER: 0.8016476631164551
2024-04-14 07:37:34,755 - root - INFO - Epoch 2397; loss: 89.86699676513672; CER: 0.3787267804145813; WER: 0.8634019494056702; val_loss: 73.21232604980469; val_CER: 0.306795597076416; val_WER: 0.7813467979431152
2024-04-14 07:39:23,070 - root - INFO - Epoch 2398; loss: 89.42597961425781; CER: 0.3768613338470459; WER: 0.8577675223350525; val_loss: 72.08629608154297; val_CER: 0.3138441741466522; val_WER: 0.7752143144607544
2024-04-14 07:41:11,265 - root - INFO - Epoch 2399; loss: 85.22325134277344; CER: 0.3651004433631897; WER: 0.8456912040710449; val_loss: 296.4903869628906; val_CER: 0.944801390171051; val_WER: 1.0124315023422241
2024-04-14 07:42:59,497 - root - INFO - Epoch 2400; loss: 83.94660186767578; CER: 0.36052802205085754; WER: 0.8453279137611389; val_loss: 72.30480194091797; val_CER: 0.32823681831359863; val_WER: 0.7991504669189453
2024-04-14 07:44:48,282 - root - INFO - Epoch 2401; loss: 85.49429321289062; CER: 0.3661911189556122; WER: 0.8491069078445435; val_loss: 67.8260269165039; val_CER: 0.3038595914840698; val_WER: 0.7748071551322937
2024-04-14 07:46:36,983 - root - INFO - Epoch 2402; loss: 86.80558013916016; CER: 0.3661310374736786; WER: 0.8511021137237549; val_loss: 76.99405670166016; val_CER: 0.2941651940345764; val_WER: 0.768164873123169
2024-04-14 07:48:25,356 - root - INFO - Epoch 2403; loss: 85.42334747314453; CER: 0.3601367473602295; WER: 0.8414400815963745; val_loss: 72.46585083007812; val_CER: 0.2960171103477478; val_WER: 0.7624970078468323
2024-04-14 07:50:13,734 - root - INFO - Epoch 2404; loss: 82.2465591430664; CER: 0.3534368872642517; WER: 0.8395198583602905; val_loss: 66.98278045654297; val_CER: 0.2953588366508484; val_WER: 0.7601391673088074
2024-04-14 07:52:02,106 - root - INFO - Epoch 2405; loss: 83.72325897216797; CER: 0.35622790455818176; WER: 0.8429836630821228; val_loss: 67.11965942382812; val_CER: 0.3024727404117584; val_WER: 0.7705949544906616
2024-04-14 07:53:50,738 - root - INFO - Epoch 2406; loss: 81.61600494384766; CER: 0.35429224371910095; WER: 0.8372275829315186; val_loss: 64.59571075439453; val_CER: 0.2871055603027344; val_WER: 0.7528977394104004
2024-04-14 07:55:39,092 - root - INFO - Epoch 2407; loss: 80.16291809082031; CER: 0.34918034076690674; WER: 0.8314000368118286; val_loss: 63.02356719970703; val_CER: 0.2875153124332428; val_WER: 0.7535208463668823
2024-04-14 07:57:27,669 - root - INFO - Epoch 2408; loss: 80.16365051269531; CER: 0.3443937301635742; WER: 0.8300411701202393; val_loss: 64.10081481933594; val_CER: 0.2842094898223877; val_WER: 0.7536370158195496
2024-04-14 07:59:15,957 - root - INFO - Epoch 2409; loss: 79.77947235107422; CER: 0.34668639302253723; WER: 0.8324488401412964; val_loss: 68.91947937011719; val_CER: 0.2986684739589691; val_WER: 0.7745805382728577
2024-04-14 08:01:04,522 - root - INFO - Epoch 2410; loss: 79.68450927734375; CER: 0.34440723061561584; WER: 0.8292490839958191; val_loss: 66.33455657958984; val_CER: 0.2799716591835022; val_WER: 0.7449514269828796
2024-04-14 08:02:52,766 - root - INFO - Epoch 2411; loss: 78.86849212646484; CER: 0.3390614688396454; WER: 0.8222866058349609; val_loss: 254.53851318359375; val_CER: 0.9187270998954773; val_WER: 1.0057971477508545
2024-04-14 08:04:41,019 - root - INFO - Epoch 2412; loss: 77.86122131347656; CER: 0.3387235999107361; WER: 0.8222707509994507; val_loss: 64.6120834350586; val_CER: 0.2864401638507843; val_WER: 0.7533587217330933
2024-04-14 08:06:29,415 - root - INFO - Epoch 2413; loss: 79.06124114990234; CER: 0.340035617351532; WER: 0.825309157371521; val_loss: 66.54570770263672; val_CER: 0.27021923661231995; val_WER: 0.7300510406494141
2024-04-14 08:08:17,905 - root - INFO - Epoch 2414; loss: 76.2779541015625; CER: 0.3331037759780884; WER: 0.8119286298751831; val_loss: 62.95220947265625; val_CER: 0.26784390211105347; val_WER: 0.7301457524299622
2024-04-14 08:10:05,701 - root - INFO - Epoch 2415; loss: 78.22081756591797; CER: 0.33706292510032654; WER: 0.8244877457618713; val_loss: 66.38843536376953; val_CER: 0.2788867950439453; val_WER: 0.7436736822128296
2024-04-14 08:11:53,710 - root - INFO - Epoch 2416; loss: 79.23479461669922; CER: 0.339182585477829; WER: 0.8244438171386719; val_loss: 60.58305740356445; val_CER: 0.27222874760627747; val_WER: 0.7300124168395996
2024-04-14 08:13:41,796 - root - INFO - Epoch 2417; loss: 78.96676635742188; CER: 0.3367301821708679; WER: 0.8202530741691589; val_loss: 67.794677734375; val_CER: 0.302742063999176; val_WER: 0.7901660203933716
2024-04-14 08:15:29,839 - root - INFO - Epoch 2418; loss: 76.43690490722656; CER: 0.3319443464279175; WER: 0.8094787001609802; val_loss: 61.53023910522461; val_CER: 0.2733267545700073; val_WER: 0.7344608306884766
2024-04-14 08:17:18,257 - root - INFO - Epoch 2419; loss: 75.01509857177734; CER: 0.3271881341934204; WER: 0.8127480745315552; val_loss: 58.583675384521484; val_CER: 0.26104679703712463; val_WER: 0.7125470042228699
2024-04-14 08:19:06,305 - root - INFO - Epoch 2420; loss: 75.2193832397461; CER: 0.32673943042755127; WER: 0.8120869994163513; val_loss: 60.700443267822266; val_CER: 0.2658318281173706; val_WER: 0.7279012203216553
2024-04-14 08:20:54,549 - root - INFO - Epoch 2421; loss: 80.1646957397461; CER: 0.345475435256958; WER: 0.8311833143234253; val_loss: 63.10700225830078; val_CER: 0.2596685588359833; val_WER: 0.7098981738090515
2024-04-14 08:22:42,273 - root - INFO - Epoch 2422; loss: 75.90007781982422; CER: 0.32749927043914795; WER: 0.8133537173271179; val_loss: 56.53022766113281; val_CER: 0.26134997606277466; val_WER: 0.7110658884048462
2024-04-14 08:24:30,320 - root - INFO - Epoch 2423; loss: 73.00243377685547; CER: 0.32098647952079773; WER: 0.8008443117141724; val_loss: 59.61412048339844; val_CER: 0.2563978135585785; val_WER: 0.7107000350952148
2024-04-14 08:26:18,089 - root - INFO - Epoch 2424; loss: 73.90284729003906; CER: 0.3215022385120392; WER: 0.8023802042007446; val_loss: 60.317543029785156; val_CER: 0.26386043429374695; val_WER: 0.7147148847579956
2024-04-14 08:26:21,175 - tf2onnx.tfonnx - INFO - Using tensorflow=2.12.1, onnx=1.16.0, tf2onnx=1.16.1/15c810
2024-04-14 08:26:21,176 - tf2onnx.tfonnx - INFO - Using opset <onnx, 15>
2024-04-14 08:26:21,369 - tf2onnx.tf_utils - INFO - Computed 0 values for constant folding
2024-04-14 08:26:21,374 - tf2onnx.tf_utils - INFO - Computed 0 values for constant folding
2024-04-14 08:26:21,376 - tf2onnx.tf_utils - INFO - Computed 0 values for constant folding
2024-04-14 08:26:21,381 - tf2onnx.tf_utils - INFO - Computed 0 values for constant folding
2024-04-14 08:26:21,384 - tf2onnx.tf_utils - INFO - Computed 0 values for constant folding
2024-04-14 08:26:21,389 - tf2onnx.tf_utils - INFO - Computed 0 values for constant folding
2024-04-14 08:26:21,390 - tf2onnx.tf_utils - INFO - Computed 0 values for constant folding
2024-04-14 08:26:21,393 - tf2onnx.tf_utils - INFO - Computed 0 values for constant folding
2024-04-14 08:26:21,398 - tf2onnx.tf_utils - INFO - Computed 0 values for constant folding
2024-04-14 08:26:21,400 - tf2onnx.tf_utils - INFO - Computed 0 values for constant folding
2024-04-14 08:26:21,405 - tf2onnx.tf_utils - INFO - Computed 0 values for constant folding
2024-04-14 08:26:21,411 - tf2onnx.tf_utils - INFO - Computed 0 values for constant folding
2024-04-14 08:26:21,416 - tf2onnx.tf_utils - INFO - Computed 0 values for constant folding
2024-04-14 08:26:21,422 - tf2onnx.tf_utils - INFO - Computed 0 values for constant folding
2024-04-14 08:26:21,424 - tf2onnx.tf_utils - INFO - Computed 0 values for constant folding
2024-04-14 08:26:21,425 - tf2onnx.tf_utils - INFO - Computed 0 values for constant folding
2024-04-14 08:26:21,519 - tf2onnx.tf_utils - INFO - Computed 2 values for constant folding
2024-04-14 08:26:21,622 - tf2onnx.tfonnx - INFO - folding node using tf type=StridedSlice, name=model_3/bidirectional_37/forward_gru_19/PartitionedCall/strided_slice
2024-04-14 08:26:21,622 - tf2onnx.tfonnx - INFO - folding node using tf type=StridedSlice, name=model_3/bidirectional_37/backward_gru_19/PartitionedCall/strided_slice
2024-04-14 08:26:21,958 - tf2onnx.optimizer - INFO - Optimizing ONNX model
2024-04-14 08:26:22,815 - tf2onnx.optimizer - INFO - After optimization: BatchNormalization -18 (18->0), Cast -8 (24->16), Concat -4 (21->17), Const -233 (313->80), Expand -4 (8->4), Gather +5 (4->9), Identity -2 (2->0), Shape -4 (11->7), Slice -4 (17->13), Squeeze -9 (17->8), Transpose -90 (96->6), Unsqueeze -23 (31->8)
2024-04-14 08:26:22,865 - ipykernel.comm - ERROR - No such comm target registered: jupyter.widget.control
2024-04-14 08:26:22,867 - ipykernel.comm - ERROR - No such comm target registered: jupyter.widget.control
2024-04-14 08:26:22,871 - ipykernel.comm - ERROR - No such comm target registered: jupyter.widget.control
2024-04-14 08:26:22,873 - ipykernel.comm - ERROR - No such comm target registered: jupyter.widget.control
2024-04-14 08:26:22,875 - Comm - WARNING - No such comm: e16a4c4b-6086-41f6-a185-9b442f3c82c7
2024-04-14 08:26:22,877 - Comm - WARNING - No such comm: 8e9aebf9-c758-4e34-8866-2a80d2e9bdb9
2024-04-14 08:26:22,878 - Comm - WARNING - No such comm: c67741ed-e465-4011-9cfe-195069cdd1eb
2024-04-14 08:26:22,880 - Comm - WARNING - No such comm: c611fbef-e4ad-42e8-858c-b4292c4b70e7
2024-04-14 08:51:20,974 - ipykernel.comm - ERROR - No such comm target registered: jupyter.widget.control
2024-04-14 08:51:20,977 - Comm - WARNING - No such comm: e2f44b03-8957-4536-aab4-9baaf1fc6bbe
2024-04-14 09:01:37,792 - ipykernel.comm - ERROR - No such comm target registered: jupyter.widget.control
2024-04-14 09:01:37,796 - Comm - WARNING - No such comm: 4966df34-cd12-430d-a0eb-b133b01ea129
