2024-02-17 04:48:19,295 - tensorflow - WARNING - Callback method `on_train_batch_end` is slow compared to the batch time (batch time: 0.4700s vs `on_train_batch_end` time: 0.6256s). Check your callbacks.
2024-02-17 04:54:47,869 - root - INFO - Epoch 25; loss: 68.68479919433594; CER: 0.36255648732185364; WER: 0.6907705068588257; val_loss: 18.854705810546875; val_CER: 0.09737903624773026; val_WER: 0.3320908546447754
2024-02-17 05:01:13,888 - root - INFO - Epoch 26; loss: 18.866361618041992; CER: 0.10408030450344086; WER: 0.34412136673927307; val_loss: 11.715063095092773; val_CER: 0.061892736703157425; val_WER: 0.22510398924350739
2024-02-17 05:07:39,667 - root - INFO - Epoch 27; loss: 15.15323257446289; CER: 0.09098898619413376; WER: 0.2907048761844635; val_loss: 40.801605224609375; val_CER: 0.2441083937883377; val_WER: 0.6855637431144714
2024-02-17 05:14:06,205 - root - INFO - Epoch 28; loss: 13.134987831115723; CER: 0.07457368075847626; WER: 0.25835099816322327; val_loss: 9.811275482177734; val_CER: 0.05236099287867546; val_WER: 0.19248101115226746
2024-02-17 05:20:32,650 - root - INFO - Epoch 29; loss: 12.087604522705078; CER: 0.06962095946073532; WER: 0.2407970279455185; val_loss: 14.252496719360352; val_CER: 0.0743812844157219; val_WER: 0.24300363659858704
2024-02-17 05:20:34,728 - tf2onnx.tfonnx - INFO - Using tensorflow=2.12.1, onnx=1.15.0, tf2onnx=1.16.1/15c810
2024-02-17 05:20:34,728 - tf2onnx.tfonnx - INFO - Using opset <onnx, 15>
2024-02-17 05:20:34,854 - tf2onnx.tf_utils - INFO - Computed 0 values for constant folding
2024-02-17 05:20:34,859 - tf2onnx.tf_utils - INFO - Computed 0 values for constant folding
2024-02-17 05:20:34,861 - tf2onnx.tf_utils - INFO - Computed 0 values for constant folding
2024-02-17 05:20:34,866 - tf2onnx.tf_utils - INFO - Computed 0 values for constant folding
2024-02-17 05:20:34,871 - tf2onnx.tf_utils - INFO - Computed 0 values for constant folding
2024-02-17 05:20:34,872 - tf2onnx.tf_utils - INFO - Computed 0 values for constant folding
2024-02-17 05:20:34,875 - tf2onnx.tf_utils - INFO - Computed 0 values for constant folding
2024-02-17 05:20:34,879 - tf2onnx.tf_utils - INFO - Computed 0 values for constant folding
2024-02-17 05:20:34,975 - tf2onnx.tf_utils - INFO - Computed 2 values for constant folding
2024-02-17 05:20:35,060 - tf2onnx.tfonnx - INFO - folding node using tf type=StridedSlice, name=model/bidirectional/forward_lstm/PartitionedCall/strided_slice
2024-02-17 05:20:35,060 - tf2onnx.tfonnx - INFO - folding node using tf type=StridedSlice, name=model/bidirectional/backward_lstm/PartitionedCall/strided_slice
2024-02-17 05:20:35,305 - tf2onnx.optimizer - INFO - Optimizing ONNX model
2024-02-17 05:20:36,433 - tf2onnx.optimizer - INFO - After optimization: BatchNormalization -18 (18->0), Cast -8 (17->9), Concat -8 (17->9), Const -173 (243->70), Expand -6 (8->2), Gather +3 (2->5), Identity -2 (2->0), Shape -2 (6->4), Slice -2 (9->7), Squeeze -5 (9->4), Transpose -86 (90->4), Unsqueeze -25 (29->4)
2024-02-17 05:20:36,477 - ipykernel.comm - ERROR - No such comm target registered: jupyter.widget.control
2024-02-17 05:20:36,479 - Comm - WARNING - No such comm: 359557fd-4901-41da-91a2-29d5f1c6d0a4
2024-02-17 05:58:43,375 - ipykernel.comm - ERROR - No such comm target registered: jupyter.widget.control
2024-02-17 05:58:43,378 - Comm - WARNING - No such comm: 17f7ef64-5006-456a-b5dd-842aa3c5eae7
2024-02-17 06:00:02,902 - ipykernel.comm - ERROR - No such comm target registered: jupyter.widget.control
2024-02-17 06:00:02,905 - Comm - WARNING - No such comm: d724f3b8-25e4-49c9-ba49-80a1380b3add
2024-02-17 06:03:08,539 - ipykernel.comm - ERROR - No such comm target registered: jupyter.widget.control
2024-02-17 06:03:08,541 - Comm - WARNING - No such comm: e67f0baf-d01c-424c-92ed-68c621e204a0
