2024-03-03 17:24:22,945 - tensorflow - WARNING - Callback method `on_train_batch_end` is slow compared to the batch time (batch time: 0.4690s vs `on_train_batch_end` time: 0.6220s). Check your callbacks.
2024-03-03 17:30:54,930 - root - INFO - Epoch 63; loss: 74.29086303710938; CER: 0.3860185146331787; WER: 0.6985576748847961; val_loss: 15.581465721130371; val_CER: 0.07869476079940796; val_WER: 0.2734485864639282
2024-03-03 17:37:23,124 - root - INFO - Epoch 64; loss: 16.58344841003418; CER: 0.09124153852462769; WER: 0.31439870595932007; val_loss: 10.524090766906738; val_CER: 0.08313119411468506; val_WER: 0.19779129326343536
2024-03-03 17:44:45,240 - root - INFO - Epoch 65; loss: 12.478731155395508; CER: 0.06940856575965881; WER: 0.24500112235546112; val_loss: 8.26873779296875; val_CER: 0.043728411197662354; val_WER: 0.15354767441749573
2024-03-03 17:51:21,615 - root - INFO - Epoch 66; loss: 9.756296157836914; CER: 0.054336048662662506; WER: 0.19955693185329437; val_loss: 8.398972511291504; val_CER: 0.04167432710528374; val_WER: 0.14589111506938934
2024-03-03 17:57:57,831 - root - INFO - Epoch 67; loss: 8.760534286499023; CER: 0.04837355390191078; WER: 0.180790975689888; val_loss: 7.0413689613342285; val_CER: 0.03537827730178833; val_WER: 0.12680940330028534
2024-03-03 18:04:26,204 - root - INFO - Epoch 68; loss: 8.404427528381348; CER: 0.04738422855734825; WER: 0.17642901837825775; val_loss: 7.840707302093506; val_CER: 0.03889865800738335; val_WER: 0.13633857667446136
2024-03-03 18:11:47,812 - root - INFO - Epoch 69; loss: 7.883624076843262; CER: 0.04444660246372223; WER: 0.1658765822649002; val_loss: 7.891953468322754; val_CER: 0.03784862160682678; val_WER: 0.13318844139575958
2024-03-03 18:18:16,430 - root - INFO - Epoch 70; loss: 7.613352298736572; CER: 0.04374265670776367; WER: 0.16233345866203308; val_loss: 6.657841205596924; val_CER: 0.03362753614783287; val_WER: 0.12192893028259277
2024-03-03 18:24:44,976 - root - INFO - Epoch 71; loss: 6.9711408615112305; CER: 0.0399978831410408; WER: 0.15208286046981812; val_loss: 7.7833733558654785; val_CER: 0.04014980420470238; val_WER: 0.13646645843982697
2024-03-03 18:31:13,462 - root - INFO - Epoch 72; loss: 6.8392133712768555; CER: 0.03976975381374359; WER: 0.15136627852916718; val_loss: 8.90852165222168; val_CER: 0.04475541040301323; val_WER: 0.1560760736465454
2024-03-03 18:37:42,104 - root - INFO - Epoch 73; loss: 6.742926120758057; CER: 0.03909366950392723; WER: 0.14728908240795135; val_loss: 7.795572280883789; val_CER: 0.038529764860868454; val_WER: 0.13585886359214783
2024-03-03 18:44:18,276 - root - INFO - Epoch 74; loss: 6.6261887550354; CER: 0.038535431027412415; WER: 0.14608679711818695; val_loss: 13.213298797607422; val_CER: 0.07276474684476852; val_WER: 0.24069148302078247
2024-03-03 18:50:46,986 - root - INFO - Epoch 75; loss: 6.196298122406006; CER: 0.03657764941453934; WER: 0.13891258835792542; val_loss: 7.093353271484375; val_CER: 0.035255126655101776; val_WER: 0.12557601928710938
2024-03-03 18:57:15,521 - root - INFO - Epoch 76; loss: 5.985334396362305; CER: 0.0351727157831192; WER: 0.13400237262248993; val_loss: 7.147483825683594; val_CER: 0.035531748086214066; val_WER: 0.12673576176166534
2024-03-03 19:03:44,193 - root - INFO - Epoch 77; loss: 5.677581310272217; CER: 0.03379037231206894; WER: 0.12962253391742706; val_loss: 7.793572902679443; val_CER: 0.0368548259139061; val_WER: 0.12947581708431244
2024-03-03 19:10:13,009 - root - INFO - Epoch 78; loss: 5.800965785980225; CER: 0.03485822305083275; WER: 0.1319366991519928; val_loss: 8.156500816345215; val_CER: 0.04435154050588608; val_WER: 0.15052670240402222
2024-03-03 19:16:42,075 - root - INFO - Epoch 79; loss: 5.900285243988037; CER: 0.03610420599579811; WER: 0.13477976620197296; val_loss: 7.178859233856201; val_CER: 0.033428650349378586; val_WER: 0.11910667270421982
2024-03-03 19:16:44,211 - tf2onnx.tfonnx - INFO - Using tensorflow=2.12.1, onnx=1.15.0, tf2onnx=1.16.1/15c810
2024-03-03 19:16:44,211 - tf2onnx.tfonnx - INFO - Using opset <onnx, 15>
2024-03-03 19:16:44,342 - tf2onnx.tf_utils - INFO - Computed 0 values for constant folding
2024-03-03 19:16:44,347 - tf2onnx.tf_utils - INFO - Computed 0 values for constant folding
2024-03-03 19:16:44,350 - tf2onnx.tf_utils - INFO - Computed 0 values for constant folding
2024-03-03 19:16:44,355 - tf2onnx.tf_utils - INFO - Computed 0 values for constant folding
2024-03-03 19:16:44,360 - tf2onnx.tf_utils - INFO - Computed 0 values for constant folding
2024-03-03 19:16:44,362 - tf2onnx.tf_utils - INFO - Computed 0 values for constant folding
2024-03-03 19:16:44,367 - tf2onnx.tf_utils - INFO - Computed 0 values for constant folding
2024-03-03 19:16:44,369 - tf2onnx.tf_utils - INFO - Computed 0 values for constant folding
2024-03-03 19:16:44,455 - tf2onnx.tf_utils - INFO - Computed 2 values for constant folding
2024-03-03 19:16:44,542 - tf2onnx.tfonnx - INFO - folding node using tf type=StridedSlice, name=model/bidirectional/forward_lstm/PartitionedCall/strided_slice
2024-03-03 19:16:44,542 - tf2onnx.tfonnx - INFO - folding node using tf type=StridedSlice, name=model/bidirectional/backward_lstm/PartitionedCall/strided_slice
2024-03-03 19:16:44,765 - tf2onnx.optimizer - INFO - Optimizing ONNX model
2024-03-03 19:16:45,541 - tf2onnx.optimizer - INFO - After optimization: BatchNormalization -18 (18->0), Cast -8 (17->9), Concat -8 (17->9), Const -173 (243->70), Expand -6 (8->2), Gather +3 (2->5), Identity -2 (2->0), Shape -2 (6->4), Slice -2 (9->7), Squeeze -5 (9->4), Transpose -86 (90->4), Unsqueeze -25 (29->4)
