2024-04-19 06:22:16,414 - tensorflow - WARNING - Callback method `on_train_batch_end` is slow compared to the batch time (batch time: 0.5644s vs `on_train_batch_end` time: 0.6661s). Check your callbacks.
2024-04-19 06:24:11,190 - root - INFO - Epoch 2500; loss: 289.7911071777344; CER: 0.8815776705741882; WER: 1.1279323101043701; val_loss: 244.31182861328125; val_CER: 1.0; val_WER: 1.0
2024-04-19 06:26:02,510 - root - INFO - Epoch 2501; loss: 232.204833984375; CER: 0.8221234679222107; WER: 1.3939993381500244; val_loss: 214.83238220214844; val_CER: 0.9884975552558899; val_WER: 1.0
2024-04-19 06:27:53,620 - root - INFO - Epoch 2502; loss: 218.15257263183594; CER: 0.8376597166061401; WER: 1.19950532913208; val_loss: 218.10118103027344; val_CER: 0.9860051870346069; val_WER: 1.0
2024-04-19 06:29:44,803 - root - INFO - Epoch 2503; loss: 212.66928100585938; CER: 0.8573323488235474; WER: 1.0631314516067505; val_loss: 216.08306884765625; val_CER: 0.9817566871643066; val_WER: 1.0
2024-04-19 06:31:35,833 - root - INFO - Epoch 2504; loss: 210.3231964111328; CER: 0.8683754801750183; WER: 1.0373717546463013; val_loss: 210.3844757080078; val_CER: 0.9794572591781616; val_WER: 1.0
2024-04-19 06:33:26,266 - root - INFO - Epoch 2505; loss: 208.16514587402344; CER: 0.8680514693260193; WER: 1.0235207080841064; val_loss: 208.96083068847656; val_CER: 0.9794572591781616; val_WER: 1.0
2024-04-19 06:35:16,785 - root - INFO - Epoch 2506; loss: 206.73109436035156; CER: 0.8735024333000183; WER: 1.0192376375198364; val_loss: 208.60169982910156; val_CER: 0.979701042175293; val_WER: 1.0
2024-04-19 06:37:07,477 - root - INFO - Epoch 2507; loss: 205.031005859375; CER: 0.8552370667457581; WER: 1.0338712930679321; val_loss: 205.45541381835938; val_CER: 0.9698341488838196; val_WER: 1.0
2024-04-19 06:38:58,492 - root - INFO - Epoch 2508; loss: 203.5912628173828; CER: 0.806505024433136; WER: 1.1242036819458008; val_loss: 198.38597106933594; val_CER: 0.9443548917770386; val_WER: 1.0
2024-04-19 06:40:49,280 - root - INFO - Epoch 2509; loss: 198.26495361328125; CER: 0.7455148100852966; WER: 1.2533814907073975; val_loss: 182.35238647460938; val_CER: 0.7472643256187439; val_WER: 1.0166319608688354
2024-04-19 06:42:39,831 - root - INFO - Epoch 2510; loss: 186.88218688964844; CER: 0.6668187379837036; WER: 1.191422939300537; val_loss: 158.97128295898438; val_CER: 0.5922079682350159; val_WER: 1.0293998718261719
2024-04-19 06:44:30,883 - root - INFO - Epoch 2511; loss: 162.4897003173828; CER: 0.5844660997390747; WER: 1.1090039014816284; val_loss: 132.1051025390625; val_CER: 0.49299705028533936; val_WER: 1.009641408920288
2024-04-19 06:46:21,369 - root - INFO - Epoch 2512; loss: 144.85293579101562; CER: 0.5262917876243591; WER: 1.0329623222351074; val_loss: 115.09310913085938; val_CER: 0.43598058819770813; val_WER: 0.9103298783302307
2024-04-19 06:48:11,933 - root - INFO - Epoch 2513; loss: 130.42709350585938; CER: 0.47920775413513184; WER: 0.9851477146148682; val_loss: 101.66300964355469; val_CER: 0.3880983591079712; val_WER: 0.864943265914917
2024-04-19 06:50:02,356 - root - INFO - Epoch 2514; loss: 121.34485626220703; CER: 0.44676491618156433; WER: 0.9534602761268616; val_loss: 98.70750427246094; val_CER: 0.385912150144577; val_WER: 0.8619751930236816
2024-04-19 06:51:52,930 - root - INFO - Epoch 2515; loss: 116.83869934082031; CER: 0.4296260178089142; WER: 0.9367167353630066; val_loss: 90.865966796875; val_CER: 0.34222254157066345; val_WER: 0.8089824914932251
2024-04-19 06:53:43,299 - root - INFO - Epoch 2516; loss: 114.5686264038086; CER: 0.4185733199119568; WER: 0.928399384021759; val_loss: 84.87491607666016; val_CER: 0.32276782393455505; val_WER: 0.775273323059082
2024-04-19 06:55:33,915 - root - INFO - Epoch 2517; loss: 108.01925659179688; CER: 0.39819490909576416; WER: 0.9055022597312927; val_loss: 81.84342193603516; val_CER: 0.3208503723144531; val_WER: 0.7871512174606323
2024-04-19 06:57:24,392 - root - INFO - Epoch 2518; loss: 100.82315826416016; CER: 0.3783680200576782; WER: 0.8828361630439758; val_loss: 79.8260726928711; val_CER: 0.2873704135417938; val_WER: 0.7396112680435181
2024-04-19 06:59:14,573 - root - INFO - Epoch 2519; loss: 97.2017822265625; CER: 0.3634735643863678; WER: 0.8654077053070068; val_loss: 72.95353698730469; val_CER: 0.2897484302520752; val_WER: 0.7382206320762634
2024-04-19 07:01:04,672 - root - INFO - Epoch 2520; loss: 93.46172332763672; CER: 0.3545611500740051; WER: 0.8585665822029114; val_loss: 79.73023986816406; val_CER: 0.30809783935546875; val_WER: 0.7520163655281067
2024-04-19 07:02:55,151 - root - INFO - Epoch 2521; loss: 92.48682403564453; CER: 0.34348264336586; WER: 0.8408998250961304; val_loss: 70.75716400146484; val_CER: 0.2660003900527954; val_WER: 0.712914228439331
2024-04-19 07:04:45,235 - root - INFO - Epoch 2522; loss: 89.96123504638672; CER: 0.3385133147239685; WER: 0.8377266526222229; val_loss: 67.3697738647461; val_CER: 0.26661059260368347; val_WER: 0.7099075317382812
2024-04-19 07:06:35,809 - root - INFO - Epoch 2523; loss: 92.50362396240234; CER: 0.3405686318874359; WER: 0.829101026058197; val_loss: 68.34981536865234; val_CER: 0.2504557967185974; val_WER: 0.6864637136459351
2024-04-19 07:08:26,305 - root - INFO - Epoch 2524; loss: 97.60091400146484; CER: 0.34901121258735657; WER: 0.8447603583335876; val_loss: 68.6073989868164; val_CER: 0.24499493837356567; val_WER: 0.6699255704879761
2024-04-19 07:10:16,754 - root - INFO - Epoch 2525; loss: 85.2065200805664; CER: 0.32259324193000793; WER: 0.8090822696685791; val_loss: 64.89884185791016; val_CER: 0.24414359033107758; val_WER: 0.6732588410377502
2024-04-19 07:12:07,047 - root - INFO - Epoch 2526; loss: 85.7223129272461; CER: 0.3232170343399048; WER: 0.8118250966072083; val_loss: 63.805294036865234; val_CER: 0.2563408315181732; val_WER: 0.6804081797599792
2024-04-19 07:13:57,549 - root - INFO - Epoch 2527; loss: 80.97295379638672; CER: 0.30704987049102783; WER: 0.7895330190658569; val_loss: 64.3530044555664; val_CER: 0.22676904499530792; val_WER: 0.6494820713996887
2024-04-19 07:15:47,757 - root - INFO - Epoch 2528; loss: 81.74092102050781; CER: 0.3119867742061615; WER: 0.7943294644355774; val_loss: 57.48096466064453; val_CER: 0.22714166343212128; val_WER: 0.6429513096809387
2024-04-19 07:17:38,174 - root - INFO - Epoch 2529; loss: 77.38983154296875; CER: 0.29649850726127625; WER: 0.7741435766220093; val_loss: 65.595947265625; val_CER: 0.217285618185997; val_WER: 0.6250813007354736
2024-04-19 07:19:28,262 - root - INFO - Epoch 2530; loss: 79.44795227050781; CER: 0.3004705309867859; WER: 0.7830020189285278; val_loss: 63.88331985473633; val_CER: 0.254849374294281; val_WER: 0.6803233027458191
2024-04-19 07:21:18,483 - root - INFO - Epoch 2531; loss: 89.8735122680664; CER: 0.3392070233821869; WER: 0.8185991048812866; val_loss: 62.37582778930664; val_CER: 0.2546025514602661; val_WER: 0.6745871901512146
2024-04-19 07:23:08,677 - root - INFO - Epoch 2532; loss: 76.57501220703125; CER: 0.29476770758628845; WER: 0.7661047577857971; val_loss: 57.802284240722656; val_CER: 0.21883615851402283; val_WER: 0.6233065128326416
2024-04-19 07:24:58,972 - root - INFO - Epoch 2533; loss: 76.49871826171875; CER: 0.28834623098373413; WER: 0.7560606598854065; val_loss: 58.170921325683594; val_CER: 0.23356902599334717; val_WER: 0.6444788575172424
2024-04-19 07:26:49,393 - root - INFO - Epoch 2534; loss: 72.17755889892578; CER: 0.2824546694755554; WER: 0.7492586970329285; val_loss: 56.122554779052734; val_CER: 0.20506323873996735; val_WER: 0.5978520512580872
2024-04-19 07:28:39,924 - root - INFO - Epoch 2535; loss: 70.81708526611328; CER: 0.27606919407844543; WER: 0.7381941676139832; val_loss: 63.31568145751953; val_CER: 0.19889844954013824; val_WER: 0.5925565361976624
2024-04-19 07:30:30,192 - root - INFO - Epoch 2536; loss: 69.97152709960938; CER: 0.2708107829093933; WER: 0.7311173677444458; val_loss: 50.228004455566406; val_CER: 0.20318888127803802; val_WER: 0.6014637351036072
2024-04-19 07:32:20,466 - root - INFO - Epoch 2537; loss: 71.40113830566406; CER: 0.2746831178665161; WER: 0.7324270606040955; val_loss: 53.937068939208984; val_CER: 0.22395972907543182; val_WER: 0.6211555600166321
2024-04-19 07:34:11,098 - root - INFO - Epoch 2538; loss: 68.47766876220703; CER: 0.26537150144577026; WER: 0.7218132019042969; val_loss: 52.514427185058594; val_CER: 0.1985248327255249; val_WER: 0.5908383727073669
2024-04-19 07:36:01,395 - root - INFO - Epoch 2539; loss: 68.86832427978516; CER: 0.2665463387966156; WER: 0.7172274589538574; val_loss: 56.551300048828125; val_CER: 0.19669125974178314; val_WER: 0.583359956741333
2024-04-19 07:37:51,367 - root - INFO - Epoch 2540; loss: 78.90777587890625; CER: 0.29469212889671326; WER: 0.7617480754852295; val_loss: 365.9092102050781; val_CER: 0.8669269680976868; val_WER: 1.0183091163635254
2024-04-19 07:39:41,295 - root - INFO - Epoch 2541; loss: 70.18684387207031; CER: 0.27125442028045654; WER: 0.7296509742736816; val_loss: 49.606449127197266; val_CER: 0.2029794156551361; val_WER: 0.5938720107078552
2024-04-19 07:41:31,330 - root - INFO - Epoch 2542; loss: 68.4919662475586; CER: 0.264257550239563; WER: 0.7200427055358887; val_loss: 50.01349639892578; val_CER: 0.2014409601688385; val_WER: 0.587937593460083
2024-04-19 07:43:21,727 - root - INFO - Epoch 2543; loss: 68.31539916992188; CER: 0.2640189826488495; WER: 0.7180449366569519; val_loss: 50.365962982177734; val_CER: 0.1899123638868332; val_WER: 0.574304461479187
2024-04-19 07:45:11,753 - root - INFO - Epoch 2544; loss: 66.7428207397461; CER: 0.25601863861083984; WER: 0.7105963826179504; val_loss: 52.71767807006836; val_CER: 0.21699997782707214; val_WER: 0.6015815138816833
2024-04-19 07:47:01,766 - root - INFO - Epoch 2545; loss: 67.40657806396484; CER: 0.25804221630096436; WER: 0.7057198286056519; val_loss: 50.311092376708984; val_CER: 0.1985393762588501; val_WER: 0.5844699144363403
2024-04-19 07:48:51,735 - root - INFO - Epoch 2546; loss: 65.2142105102539; CER: 0.2538687586784363; WER: 0.6999958753585815; val_loss: 50.41453552246094; val_CER: 0.2043704241514206; val_WER: 0.5839722752571106
2024-04-19 07:50:41,625 - root - INFO - Epoch 2547; loss: 66.4687728881836; CER: 0.2598932683467865; WER: 0.7064481377601624; val_loss: 49.183353424072266; val_CER: 0.19143132865428925; val_WER: 0.5719190835952759
2024-04-19 07:52:31,783 - root - INFO - Epoch 2548; loss: 66.25870513916016; CER: 0.2525475025177002; WER: 0.7017021179199219; val_loss: 54.73353576660156; val_CER: 0.1811765879392624; val_WER: 0.5610770583152771
2024-04-19 07:54:21,577 - root - INFO - Epoch 2549; loss: 69.4471206665039; CER: 0.26371675729751587; WER: 0.7168508768081665; val_loss: 50.829341888427734; val_CER: 0.19223561882972717; val_WER: 0.5764416456222534
2024-04-19 07:56:11,351 - root - INFO - Epoch 2550; loss: 72.95298767089844; CER: 0.27894917130470276; WER: 0.7381104230880737; val_loss: 236.03785705566406; val_CER: 0.8414812684059143; val_WER: 1.1120470762252808
2024-04-19 07:58:01,119 - root - INFO - Epoch 2551; loss: 67.74347686767578; CER: 0.2584221363067627; WER: 0.7136267423629761; val_loss: 46.098873138427734; val_CER: 0.18648317456245422; val_WER: 0.5725802183151245
2024-04-19 07:59:51,052 - root - INFO - Epoch 2552; loss: 63.720333099365234; CER: 0.24970313906669617; WER: 0.7096872329711914; val_loss: 44.744544982910156; val_CER: 0.17945104837417603; val_WER: 0.5586637854576111
2024-04-19 08:01:40,692 - root - INFO - Epoch 2553; loss: 69.96976470947266; CER: 0.2672201693058014; WER: 0.7247053980827332; val_loss: 61.10870361328125; val_CER: 0.23999479413032532; val_WER: 0.6414825916290283
2024-04-19 08:03:30,376 - root - INFO - Epoch 2554; loss: 71.71122741699219; CER: 0.275752454996109; WER: 0.7275627851486206; val_loss: 49.30526351928711; val_CER: 0.18446792662143707; val_WER: 0.5584380030632019
2024-04-19 08:05:19,995 - root - INFO - Epoch 2555; loss: 63.53667449951172; CER: 0.2469150871038437; WER: 0.6908221244812012; val_loss: 46.38113784790039; val_CER: 0.18798790872097015; val_WER: 0.5718424916267395
2024-04-19 08:07:09,689 - root - INFO - Epoch 2556; loss: 65.42833709716797; CER: 0.2480517029762268; WER: 0.6969051361083984; val_loss: 46.5858268737793; val_CER: 0.18648621439933777; val_WER: 0.5686423778533936
2024-04-19 08:08:59,419 - root - INFO - Epoch 2557; loss: 65.85092163085938; CER: 0.25435522198677063; WER: 0.7031585574150085; val_loss: 48.68136215209961; val_CER: 0.17997148633003235; val_WER: 0.5498254895210266
2024-04-19 08:10:49,150 - root - INFO - Epoch 2558; loss: 61.560306549072266; CER: 0.24312783777713776; WER: 0.6852723956108093; val_loss: 49.43283462524414; val_CER: 0.20280535519123077; val_WER: 0.5851379632949829
2024-04-19 08:12:38,840 - root - INFO - Epoch 2559; loss: 64.59852600097656; CER: 0.24853600561618805; WER: 0.6942188739776611; val_loss: 56.92263412475586; val_CER: 0.20690424740314484; val_WER: 0.5886399149894714
2024-04-19 08:14:28,627 - root - INFO - Epoch 2560; loss: 65.3064193725586; CER: 0.25225579738616943; WER: 0.7013509273529053; val_loss: 45.9488410949707; val_CER: 0.1858421415090561; val_WER: 0.5536370873451233
2024-04-19 08:16:18,592 - root - INFO - Epoch 2561; loss: 62.46437454223633; CER: 0.2459239810705185; WER: 0.6912144422531128; val_loss: 44.25902557373047; val_CER: 0.17251288890838623; val_WER: 0.5427036285400391
2024-04-19 08:18:08,601 - root - INFO - Epoch 2562; loss: 61.38101577758789; CER: 0.23841963708400726; WER: 0.6796736121177673; val_loss: 44.809139251708984; val_CER: 0.16838937997817993; val_WER: 0.5354287028312683
2024-04-19 08:19:58,692 - root - INFO - Epoch 2563; loss: 59.94021987915039; CER: 0.23590156435966492; WER: 0.676945686340332; val_loss: 46.60784912109375; val_CER: 0.16350755095481873; val_WER: 0.5177765488624573
2024-04-19 08:21:47,833 - root - INFO - Epoch 2564; loss: 60.234214782714844; CER: 0.24128463864326477; WER: 0.6827980279922485; val_loss: 40.945098876953125; val_CER: 0.17225852608680725; val_WER: 0.531493604183197
2024-04-19 08:23:36,995 - root - INFO - Epoch 2565; loss: 60.89006423950195; CER: 0.24348196387290955; WER: 0.682981014251709; val_loss: 44.830299377441406; val_CER: 0.18361645936965942; val_WER: 0.554497480392456
2024-04-19 08:25:26,077 - root - INFO - Epoch 2566; loss: 59.937835693359375; CER: 0.23584096133708954; WER: 0.675230860710144; val_loss: 44.466156005859375; val_CER: 0.18276430666446686; val_WER: 0.5505121946334839
2024-04-19 08:27:15,222 - root - INFO - Epoch 2567; loss: 62.62531661987305; CER: 0.24471382796764374; WER: 0.6861699819564819; val_loss: 42.43135452270508; val_CER: 0.1702369749546051; val_WER: 0.5299367308616638
2024-04-19 08:29:04,725 - root - INFO - Epoch 2568; loss: 57.90690231323242; CER: 0.22960259020328522; WER: 0.6619300842285156; val_loss: 41.720947265625; val_CER: 0.1557362973690033; val_WER: 0.5046652555465698
2024-04-19 08:30:53,875 - root - INFO - Epoch 2569; loss: 56.72687911987305; CER: 0.22682759165763855; WER: 0.661043643951416; val_loss: 41.600807189941406; val_CER: 0.16397784650325775; val_WER: 0.5149263143539429
2024-04-19 08:32:42,986 - root - INFO - Epoch 2570; loss: 56.49766540527344; CER: 0.22017627954483032; WER: 0.650922954082489; val_loss: 41.428470611572266; val_CER: 0.16496774554252625; val_WER: 0.5203491449356079
2024-04-19 08:34:32,475 - root - INFO - Epoch 2571; loss: 54.68944549560547; CER: 0.21920891106128693; WER: 0.6479007601737976; val_loss: 39.324127197265625; val_CER: 0.1542302966117859; val_WER: 0.4986934959888458
2024-04-19 08:36:21,603 - root - INFO - Epoch 2572; loss: 61.394351959228516; CER: 0.23260942101478577; WER: 0.6714780330657959; val_loss: 46.25537109375; val_CER: 0.194944828748703; val_WER: 0.5718066096305847
2024-04-19 08:38:10,791 - root - INFO - Epoch 2573; loss: 58.04633712768555; CER: 0.22601838409900665; WER: 0.6619312763214111; val_loss: 40.25480651855469; val_CER: 0.1694181263446808; val_WER: 0.5245742797851562
2024-04-19 08:39:59,962 - root - INFO - Epoch 2574; loss: 59.14348602294922; CER: 0.23307694494724274; WER: 0.6720160841941833; val_loss: 43.93854904174805; val_CER: 0.17271117866039276; val_WER: 0.5320432782173157
2024-04-19 08:41:49,154 - root - INFO - Epoch 2575; loss: 57.967193603515625; CER: 0.2308667153120041; WER: 0.6614487767219543; val_loss: 45.57737350463867; val_CER: 0.1808108538389206; val_WER: 0.5452705025672913
2024-04-19 08:43:38,432 - root - INFO - Epoch 2576; loss: 56.297019958496094; CER: 0.2229914367198944; WER: 0.6486560702323914; val_loss: 255.9371795654297; val_CER: 0.8382306694984436; val_WER: 1.0866680145263672
2024-04-19 08:45:27,651 - root - INFO - Epoch 2577; loss: 55.18212127685547; CER: 0.2195349782705307; WER: 0.6466479897499084; val_loss: 39.394649505615234; val_CER: 0.15729165077209473; val_WER: 0.505866289138794
2024-04-19 08:47:16,832 - root - INFO - Epoch 2578; loss: 55.19713592529297; CER: 0.21764680743217468; WER: 0.6442794799804688; val_loss: 38.7674446105957; val_CER: 0.15911704301834106; val_WER: 0.5050809383392334
2024-04-19 08:49:06,346 - root - INFO - Epoch 2579; loss: 56.430416107177734; CER: 0.2233443707227707; WER: 0.6545372605323792; val_loss: 39.92203903198242; val_CER: 0.1527111977338791; val_WER: 0.4949193000793457
2024-04-19 08:50:55,632 - root - INFO - Epoch 2580; loss: 56.00410079956055; CER: 0.218647763133049; WER: 0.6454459428787231; val_loss: 38.64530944824219; val_CER: 0.16011041402816772; val_WER: 0.5057673454284668
2024-04-19 08:52:44,928 - root - INFO - Epoch 2581; loss: 57.035484313964844; CER: 0.22001761198043823; WER: 0.6483631730079651; val_loss: 44.073307037353516; val_CER: 0.15503810346126556; val_WER: 0.5046491622924805
2024-04-19 08:54:34,303 - root - INFO - Epoch 2582; loss: 57.92139434814453; CER: 0.22319351136684418; WER: 0.6596214175224304; val_loss: 43.37508773803711; val_CER: 0.17792265117168427; val_WER: 0.5443729758262634
2024-04-19 08:56:23,598 - root - INFO - Epoch 2583; loss: 53.15943145751953; CER: 0.21470101177692413; WER: 0.6402806639671326; val_loss: 38.28379440307617; val_CER: 0.15396648645401; val_WER: 0.49275198578834534
2024-04-19 08:58:12,914 - root - INFO - Epoch 2584; loss: 53.35961151123047; CER: 0.21394801139831543; WER: 0.6388192176818848; val_loss: 36.668174743652344; val_CER: 0.15345415472984314; val_WER: 0.48900479078292847
2024-04-19 09:00:02,512 - root - INFO - Epoch 2585; loss: 53.05168914794922; CER: 0.21167884767055511; WER: 0.6330893039703369; val_loss: 41.44996643066406; val_CER: 0.1440357267856598; val_WER: 0.47748032212257385
2024-04-19 09:01:52,307 - root - INFO - Epoch 2586; loss: 53.18034744262695; CER: 0.21152763068675995; WER: 0.6383168697357178; val_loss: 37.10530090332031; val_CER: 0.14710639417171478; val_WER: 0.48093974590301514
2024-04-19 09:03:42,655 - root - INFO - Epoch 2587; loss: 51.10310363769531; CER: 0.20471002161502838; WER: 0.6193777322769165; val_loss: 41.73088073730469; val_CER: 0.13887523114681244; val_WER: 0.473496675491333
2024-04-19 09:05:32,720 - root - INFO - Epoch 2588; loss: 54.185142517089844; CER: 0.21826647222042084; WER: 0.6442425847053528; val_loss: 42.42442321777344; val_CER: 0.1527988165616989; val_WER: 0.4936552047729492
2024-04-19 09:07:22,618 - root - INFO - Epoch 2589; loss: 55.300140380859375; CER: 0.21073497831821442; WER: 0.6315204501152039; val_loss: 37.5427360534668; val_CER: 0.14640270173549652; val_WER: 0.4778197407722473
2024-04-19 09:09:12,485 - root - INFO - Epoch 2590; loss: 51.528099060058594; CER: 0.20831279456615448; WER: 0.6309729814529419; val_loss: 37.2512092590332; val_CER: 0.15641415119171143; val_WER: 0.4959079325199127
2024-04-19 09:11:02,727 - root - INFO - Epoch 2591; loss: 50.25090789794922; CER: 0.20379994809627533; WER: 0.6210257411003113; val_loss: 42.64336013793945; val_CER: 0.13694585859775543; val_WER: 0.4644826352596283
2024-04-19 09:12:52,689 - root - INFO - Epoch 2592; loss: 52.05159378051758; CER: 0.2057391256093979; WER: 0.6250889897346497; val_loss: 37.491180419921875; val_CER: 0.1430235654115677; val_WER: 0.471029669046402
2024-04-19 09:14:42,752 - root - INFO - Epoch 2593; loss: 51.879852294921875; CER: 0.2058032900094986; WER: 0.624387264251709; val_loss: 42.9117546081543; val_CER: 0.14479310810565948; val_WER: 0.4813053607940674
2024-04-19 09:16:32,820 - root - INFO - Epoch 2594; loss: 55.73413848876953; CER: 0.219230517745018; WER: 0.6465698480606079; val_loss: 39.03045654296875; val_CER: 0.15877047181129456; val_WER: 0.5017569065093994
2024-04-19 09:18:22,765 - root - INFO - Epoch 2595; loss: 51.239139556884766; CER: 0.20530368387699127; WER: 0.6202374696731567; val_loss: 36.599449157714844; val_CER: 0.1505226343870163; val_WER: 0.48143473267555237
2024-04-19 09:20:13,058 - root - INFO - Epoch 2596; loss: 51.474708557128906; CER: 0.20298998057842255; WER: 0.6153174042701721; val_loss: 37.98103713989258; val_CER: 0.13636378943920135; val_WER: 0.4558468461036682
2024-04-19 09:22:03,036 - root - INFO - Epoch 2597; loss: 50.7032356262207; CER: 0.2033124417066574; WER: 0.6222071051597595; val_loss: 35.50644302368164; val_CER: 0.14153148233890533; val_WER: 0.4672512710094452
2024-04-19 09:23:53,141 - root - INFO - Epoch 2598; loss: 53.40793228149414; CER: 0.21632836759090424; WER: 0.6366071701049805; val_loss: 36.933258056640625; val_CER: 0.15905322134494781; val_WER: 0.5041675567626953
2024-04-19 09:25:43,161 - root - INFO - Epoch 2599; loss: 51.44112014770508; CER: 0.2067474126815796; WER: 0.6244689226150513; val_loss: 38.469573974609375; val_CER: 0.15489661693572998; val_WER: 0.48664143681526184
2024-04-19 09:25:46,743 - tf2onnx.tfonnx - INFO - Using tensorflow=2.12.1, onnx=1.16.0, tf2onnx=1.16.1/15c810
2024-04-19 09:25:46,743 - tf2onnx.tfonnx - INFO - Using opset <onnx, 15>
2024-04-19 09:25:46,951 - tf2onnx.tf_utils - INFO - Computed 0 values for constant folding
2024-04-19 09:25:46,954 - tf2onnx.tf_utils - INFO - Computed 0 values for constant folding
2024-04-19 09:25:46,960 - tf2onnx.tf_utils - INFO - Computed 0 values for constant folding
2024-04-19 09:25:46,965 - tf2onnx.tf_utils - INFO - Computed 0 values for constant folding
2024-04-19 09:25:46,968 - tf2onnx.tf_utils - INFO - Computed 0 values for constant folding
2024-04-19 09:25:46,973 - tf2onnx.tf_utils - INFO - Computed 0 values for constant folding
2024-04-19 09:25:46,976 - tf2onnx.tf_utils - INFO - Computed 0 values for constant folding
2024-04-19 09:25:46,981 - tf2onnx.tf_utils - INFO - Computed 0 values for constant folding
2024-04-19 09:25:46,983 - tf2onnx.tf_utils - INFO - Computed 0 values for constant folding
2024-04-19 09:25:46,985 - tf2onnx.tf_utils - INFO - Computed 0 values for constant folding
2024-04-19 09:25:46,991 - tf2onnx.tf_utils - INFO - Computed 0 values for constant folding
2024-04-19 09:25:46,992 - tf2onnx.tf_utils - INFO - Computed 0 values for constant folding
2024-04-19 09:25:46,995 - tf2onnx.tf_utils - INFO - Computed 0 values for constant folding
2024-04-19 09:25:47,001 - tf2onnx.tf_utils - INFO - Computed 0 values for constant folding
2024-04-19 09:25:47,006 - tf2onnx.tf_utils - INFO - Computed 0 values for constant folding
2024-04-19 09:25:47,009 - tf2onnx.tf_utils - INFO - Computed 0 values for constant folding
2024-04-19 09:25:47,113 - tf2onnx.tf_utils - INFO - Computed 2 values for constant folding
2024-04-19 09:25:47,224 - tf2onnx.tfonnx - INFO - folding node using tf type=StridedSlice, name=model_3/bidirectional_37/forward_gru_19/PartitionedCall/strided_slice
2024-04-19 09:25:47,224 - tf2onnx.tfonnx - INFO - folding node using tf type=StridedSlice, name=model_3/bidirectional_37/backward_gru_19/PartitionedCall/strided_slice
2024-04-19 09:25:47,587 - tf2onnx.optimizer - INFO - Optimizing ONNX model
2024-04-19 09:25:48,577 - tf2onnx.optimizer - INFO - After optimization: BatchNormalization -18 (18->0), Cast -8 (24->16), Concat -4 (21->17), Const -233 (313->80), Expand -4 (8->4), Gather +5 (4->9), Identity -2 (2->0), Shape -4 (11->7), Slice -4 (17->13), Squeeze -9 (17->8), Transpose -90 (96->6), Unsqueeze -23 (31->8)
